<?xml version="1.0" encoding="UTF-8"?>
<!-- Generated by org.testng.reporters.JUnitReportReporter -->
<testsuite hostname="LAPTOP-H7S1G7K9" failures="0" tests="3" name="com.nithya.tests.DataProviderDemo" time="0.018" errors="0" timestamp="2026-06-15T14:48:38 IST" skipped="0">
  <testcase classname="com.nithya.tests.DataProviderDemo" name="loginTest" time="0.003"/>
  <testcase classname="com.nithya.tests.DataProviderDemo" name="loginTest" time="0.004"/>
  <testcase classname="com.nithya.tests.DataProviderDemo" name="loginTest" time="0.011"/>
</testsuite> <!-- com.nithya.tests.DataProviderDemo -->
